# JRE version: Java(TM) SE Runtime Environment (11.0.4+10) (build 11.0.4+10-LTS)
# Java VM: Java HotSpot(TM) 64-Bit Server VM (11.0.4+10-LTS, mixed mode, tiered, compressed oops, g1 gc, windows-amd64)
Heap:
 garbage-first heap   total 63488K, used 26150K [0x00000000c2000000, 0x0000000100000000)
  region size 1024K, 10 young (10240K), 2 survivors (2048K)
 Metaspace       used 14096K, capacity 14500K, committed 14720K, reserved 1062912K
  class space    used 1446K, capacity 1599K, committed 1664K, reserved 1048576K
GC Heap History (8 events):
Event: 7.659 GC heap before
{Heap before GC invocations=0 (full 0):
 garbage-first heap   total 63488K, used 7168K [0x00000000c2000000, 0x0000000100000000)
  region size 1024K, 7 young (7168K), 0 survivors (0K)
 Metaspace       used 5901K, capacity 5939K, committed 6272K, reserved 1056768K
  class space    used 517K, capacity 534K, committed 640K, reserved 1048576K
}
Event: 8.524 GC heap after
{Heap after GC invocations=1 (full 0):
 garbage-first heap   total 63488K, used 5605K [0x00000000c2000000, 0x0000000100000000)
  region size 1024K, 1 young (1024K), 1 survivors (1024K)
 Metaspace       used 5901K, capacity 5939K, committed 6272K, reserved 1056768K
  class space    used 517K, capacity 534K, committed 640K, reserved 1048576K
}
Event: 8.890 GC heap before
{Heap before GC invocations=1 (full 0):
 garbage-first heap   total 63488K, used 7653K [0x00000000c2000000, 0x0000000100000000)
  region size 1024K, 4 young (4096K), 1 survivors (1024K)
 Metaspace       used 5901K, capacity 5939K, committed 6272K, reserved 1056768K
  class space    used 517K, capacity 534K, committed 640K, reserved 1048576K
}
Event: 8.896 GC heap after
{Heap after GC invocations=2 (full 0):
 garbage-first heap   total 63488K, used 8471K [0x00000000c2000000, 0x0000000100000000)
  region size 1024K, 1 young (1024K), 1 survivors (1024K)
 Metaspace       used 5901K, capacity 5939K, committed 6272K, reserved 1056768K
  class space    used 517K, capacity 534K, committed 640K, reserved 1048576K
}
Event: 9.647 GC heap before
{Heap before GC invocations=2 (full 0):
 garbage-first heap   total 63488K, used 15639K [0x00000000c2000000, 0x0000000100000000)
  region size 1024K, 9 young (9216K), 1 survivors (1024K)
 Metaspace       used 5901K, capacity 5939K, committed 6272K, reserved 1056768K
  class space    used 517K, capacity 534K, committed 640K, reserved 1048576K
}
Event: 9.657 GC heap after
{Heap after GC invocations=3 (full 0):
 garbage-first heap   total 63488K, used 16245K [0x00000000c2000000, 0x0000000100000000)
  region size 1024K, 2 young (2048K), 2 survivors (2048K)
 Metaspace       used 5901K, capacity 5939K, committed 6272K, reserved 1056768K
  class space    used 517K, capacity 534K, committed 640K, reserved 1048576K
}
Event: 14.615 GC heap before
{Heap before GC invocations=3 (full 0):
 garbage-first heap   total 63488K, used 26485K [0x00000000c2000000, 0x0000000100000000)
  region size 1024K, 12 young (12288K), 2 survivors (2048K)
 Metaspace       used 12403K, capacity 12656K, committed 12928K, reserved 1060864K
  class space    used 1283K, capacity 1391K, committed 1408K, reserved 1048576K
}
Event: 14.625 GC heap after
{Heap after GC invocations=4 (full 0):
 garbage-first heap   total 63488K, used 18982K [0x00000000c2000000, 0x0000000100000000)
  region size 1024K, 2 young (2048K), 2 survivors (2048K)
 Metaspace       used 12403K, capacity 12656K, committed 12928K, reserved 1060864K
  class space    used 1283K, capacity 1391K, committed 1408K, reserved 1048576K
}

