# JRE version: Java(TM) SE Runtime Environment (11.0.4+10) (build 11.0.4+10-LTS)
# Java VM: Java HotSpot(TM) 64-Bit Server VM (11.0.4+10-LTS, mixed mode, tiered, compressed oops, g1 gc, windows-amd64)
Heap:
 garbage-first heap   total 63488K, used 26388K [0x00000000c2000000, 0x0000000100000000)
  region size 1024K, 10 young (10240K), 2 survivors (2048K)
 Metaspace       used 13983K, capacity 14372K, committed 14464K, reserved 1062912K
  class space    used 1445K, capacity 1599K, committed 1664K, reserved 1048576K
GC Heap History (8 events):
Event: 14.397 GC heap before
{Heap before GC invocations=0 (full 0):
 garbage-first heap   total 63488K, used 7168K [0x00000000c2000000, 0x0000000100000000)
  region size 1024K, 7 young (7168K), 0 survivors (0K)
 Metaspace       used 5904K, capacity 5939K, committed 6272K, reserved 1056768K
  class space    used 517K, capacity 534K, committed 640K, reserved 1048576K
}
Event: 14.421 GC heap after
{Heap after GC invocations=1 (full 0):
 garbage-first heap   total 63488K, used 5386K [0x00000000c2000000, 0x0000000100000000)
  region size 1024K, 1 young (1024K), 1 survivors (1024K)
 Metaspace       used 5904K, capacity 5939K, committed 6272K, reserved 1056768K
  class space    used 517K, capacity 534K, committed 640K, reserved 1048576K
}
Event: 14.704 GC heap before
{Heap before GC invocations=1 (full 0):
 garbage-first heap   total 63488K, used 8458K [0x00000000c2000000, 0x0000000100000000)
  region size 1024K, 5 young (5120K), 1 survivors (1024K)
 Metaspace       used 5904K, capacity 5939K, committed 6272K, reserved 1056768K
  class space    used 517K, capacity 534K, committed 640K, reserved 1048576K
}
Event: 14.711 GC heap after
{Heap after GC invocations=2 (full 0):
 garbage-first heap   total 63488K, used 9001K [0x00000000c2000000, 0x0000000100000000)
  region size 1024K, 1 young (1024K), 1 survivors (1024K)
 Metaspace       used 5904K, capacity 5939K, committed 6272K, reserved 1056768K
  class space    used 517K, capacity 534K, committed 640K, reserved 1048576K
}
Event: 15.129 GC heap before
{Heap before GC invocations=2 (full 0):
 garbage-first heap   total 63488K, used 16169K [0x00000000c2000000, 0x0000000100000000)
  region size 1024K, 9 young (9216K), 1 survivors (1024K)
 Metaspace       used 5904K, capacity 5939K, committed 6272K, reserved 1056768K
  class space    used 517K, capacity 534K, committed 640K, reserved 1048576K
}
Event: 15.140 GC heap after
{Heap after GC invocations=3 (full 0):
 garbage-first heap   total 63488K, used 16998K [0x00000000c2000000, 0x0000000100000000)
  region size 1024K, 2 young (2048K), 2 survivors (2048K)
 Metaspace       used 5904K, capacity 5939K, committed 6272K, reserved 1056768K
  class space    used 517K, capacity 534K, committed 640K, reserved 1048576K
}
Event: 17.090 GC heap before
{Heap before GC invocations=3 (full 0):
 garbage-first heap   total 63488K, used 27238K [0x00000000c2000000, 0x0000000100000000)
  region size 1024K, 12 young (12288K), 2 survivors (2048K)
 Metaspace       used 12954K, capacity 13177K, committed 13312K, reserved 1060864K
  class space    used 1341K, capacity 1434K, committed 1536K, reserved 1048576K
}
Event: 17.098 GC heap after
{Heap after GC invocations=4 (full 0):
 garbage-first heap   total 63488K, used 19220K [0x00000000c2000000, 0x0000000100000000)
  region size 1024K, 2 young (2048K), 2 survivors (2048K)
 Metaspace       used 12954K, capacity 13177K, committed 13312K, reserved 1060864K
  class space    used 1341K, capacity 1434K, committed 1536K, reserved 1048576K
}

