# JRE version: Java(TM) SE Runtime Environment (11.0.4+10) (build 11.0.4+10-LTS)
# Java VM: Java HotSpot(TM) 64-Bit Server VM (11.0.4+10-LTS, mixed mode, tiered, compressed oops, g1 gc, windows-amd64)
Heap:
 garbage-first heap   total 63488K, used 24437K [0x00000000c2000000, 0x0000000100000000)
  region size 1024K, 8 young (8192K), 2 survivors (2048K)
 Metaspace       used 13884K, capacity 14272K, committed 14464K, reserved 1062912K
  class space    used 1431K, capacity 1567K, committed 1664K, reserved 1048576K
GC Heap History (8 events):
Event: 4.385 GC heap before
{Heap before GC invocations=0 (full 0):
 garbage-first heap   total 63488K, used 7168K [0x00000000c2000000, 0x0000000100000000)
  region size 1024K, 7 young (7168K), 0 survivors (0K)
 Metaspace       used 5897K, capacity 5935K, committed 6272K, reserved 1056768K
  class space    used 517K, capacity 534K, committed 640K, reserved 1048576K
}
Event: 4.467 GC heap after
{Heap after GC invocations=1 (full 0):
 garbage-first heap   total 63488K, used 5921K [0x00000000c2000000, 0x0000000100000000)
  region size 1024K, 1 young (1024K), 1 survivors (1024K)
 Metaspace       used 5897K, capacity 5935K, committed 6272K, reserved 1056768K
  class space    used 517K, capacity 534K, committed 640K, reserved 1048576K
}
Event: 4.748 GC heap before
{Heap before GC invocations=1 (full 0):
 garbage-first heap   total 63488K, used 8993K [0x00000000c2000000, 0x0000000100000000)
  region size 1024K, 5 young (5120K), 1 survivors (1024K)
 Metaspace       used 5897K, capacity 5935K, committed 6272K, reserved 1056768K
  class space    used 517K, capacity 534K, committed 640K, reserved 1048576K
}
Event: 4.755 GC heap after
{Heap after GC invocations=2 (full 0):
 garbage-first heap   total 63488K, used 9687K [0x00000000c2000000, 0x0000000100000000)
  region size 1024K, 1 young (1024K), 1 survivors (1024K)
 Metaspace       used 5897K, capacity 5935K, committed 6272K, reserved 1056768K
  class space    used 517K, capacity 534K, committed 640K, reserved 1048576K
}
Event: 5.102 GC heap before
{Heap before GC invocations=2 (full 0):
 garbage-first heap   total 63488K, used 16855K [0x00000000c2000000, 0x0000000100000000)
  region size 1024K, 9 young (9216K), 1 survivors (1024K)
 Metaspace       used 5897K, capacity 5935K, committed 6272K, reserved 1056768K
  class space    used 517K, capacity 534K, committed 640K, reserved 1048576K
}
Event: 5.115 GC heap after
{Heap after GC invocations=3 (full 0):
 garbage-first heap   total 63488K, used 17333K [0x00000000c2000000, 0x0000000100000000)
  region size 1024K, 2 young (2048K), 2 survivors (2048K)
 Metaspace       used 5897K, capacity 5935K, committed 6272K, reserved 1056768K
  class space    used 517K, capacity 534K, committed 640K, reserved 1048576K
}
Event: 8.170 GC heap before
{Heap before GC invocations=3 (full 0):
 garbage-first heap   total 63488K, used 27573K [0x00000000c2000000, 0x0000000100000000)
  region size 1024K, 12 young (12288K), 2 survivors (2048K)
 Metaspace       used 12994K, capacity 13237K, committed 13568K, reserved 1060864K
  class space    used 1343K, capacity 1434K, committed 1536K, reserved 1048576K
}
Event: 8.179 GC heap after
{Heap after GC invocations=4 (full 0):
 garbage-first heap   total 63488K, used 19317K [0x00000000c2000000, 0x0000000100000000)
  region size 1024K, 2 young (2048K), 2 survivors (2048K)
 Metaspace       used 12994K, capacity 13237K, committed 13568K, reserved 1060864K
  class space    used 1343K, capacity 1434K, committed 1536K, reserved 1048576K
}

